<?xml version="1.0" encoding="UTF-8"?>
<!-- Generated by org.testng.reporters.JUnitXMLReporter -->
<testsuite ignored="0" hostname="LAPTOP-1UGAS3ND" failures="0" tests="5" name="Test" time="6.709" errors="0" timestamp="2024-10-20T00:26:45 IST">
  <testcase classname="Test.HomePageTest" name="initElement" time="0.045"/>
  <testcase classname="Test.HomePageTest" name="CheckAppLogo" time="0.079"/>
  <testcase classname="Test.HomePageTest" name="CheckLaptopAndNoteBook" time="0.106"/>
  <testcase classname="Test.HomePageTest" name="CheckSearchBox" time="0.147"/>
  <testcase classname="Test.HomePageTest" name="CheckGoBtn" time="1.023"/>
</testsuite> <!-- Test -->
