<?xml version="1.0" encoding="UTF-8"?>
<!-- Generated by org.testng.reporters.JUnitXMLReporter -->
<testsuite ignored="0" hostname="LAPTOP-1UGAS3ND" failures="0" tests="5" name="Test" time="5.604" errors="0" timestamp="2024-10-20T00:29:50 IST">
  <testcase classname="Test.HomePageTest" name="initElement" time="0.027"/>
  <testcase classname="Test.HomePageTest" name="CheckAppLogo" time="0.114"/>
  <testcase classname="Test.HomePageTest" name="CheckLaptopAndNoteBook" time="0.097"/>
  <testcase classname="Test.HomePageTest" name="CheckSearchBox" time="0.15"/>
  <testcase classname="Test.HomePageTest" name="CheckGoBtn" time="0.79"/>
</testsuite> <!-- Test -->
