<?xml version="1.0" encoding="UTF-8"?>
<testsuite xmlns:xsi="http://www.w3.org/2001/XMLSchema-instance" xsi:noNamespaceSchemaLocation="https://maven.apache.org/surefire/maven-surefire-plugin/xsd/surefire-test-report-3.0.xsd" version="3.0" name="TestSuite" time="6.432" tests="5" errors="0" skipped="0" failures="0">
  <properties>
[...]
</properties>
  <testcase name="initElement" classname="Test.HomePageTest" time="0.028">
    <system-out><![CDATA[00:29:44.290 [main] DEBUG org.testng.TestNG - suiteXmlPath: "C:\Users\Aniket Jadhav\OneDrive\Desktop\neha\NehaProject.com\src\test\resources\testng.xml"
00:29:44.655 [main] DEBUG io.github.bonigarcia.wdm.WebDriverManager - Using WebDriverManager 5.7.0
00:29:45.037 [main] DEBUG io.github.bonigarcia.wdm.cache.ResolutionCache - Resolution chrome=129 in cache (valid until 01:16:29 20/10/2024 IST)
00:29:45.038 [main] DEBUG io.github.bonigarcia.wdm.cache.ResolutionCache - Resolution chrome129=129.0.6668.100 in cache (valid until 00:16:29 21/10/2024 IST)
00:29:45.039 [main] INFO io.github.bonigarcia.wdm.WebDriverManager - Using chromedriver 129.0.6668.100 (resolved driver for Chrome 129)
00:29:45.060 [main] DEBUG io.github.bonigarcia.wdm.WebDriverManager - Driver chromedriver 129.0.6668.100 found in cache
00:29:45.060 [main] INFO io.github.bonigarcia.wdm.WebDriverManager - Exporting webdriver.chrome.driver as C:\Users\Aniket Jadhav\.cache\selenium\chromedriver\win64\129.0.6668.100\chromedriver.exe
]]></system-out>
    <system-err><![CDATA[Oct 20, 2024 12:29:46 AM org.openqa.selenium.devtools.CdpVersionFinder findNearestMatch
WARNING: Unable to find CDP implementation matching 129
Oct 20, 2024 12:29:46 AM org.openqa.selenium.chromium.ChromiumDriver lambda$new$5
WARNING: Unable to find version of CDP to use for 129.0.6668.103. You may need to include a dependency on a specific version of the CDP using something similar to `org.seleniumhq.selenium:selenium-devtools-v86:4.20.0` where the version ("v86") matches the version of the chromium-based browser you're using and the version number of the artifact is the same as Selenium's.
]]></system-err>
  </testcase>
  <testcase name="CheckAppLogo" classname="Test.HomePageTest" time="0.108">
    <system-out><![CDATA[Qafox.com
Logo Displayed
]]></system-out>
  </testcase>
  <testcase name="CheckLaptopAndNoteBook" classname="Test.HomePageTest" time="0.096">
    <system-out><![CDATA[ Displayed
]]></system-out>
  </testcase>
  <testcase name="CheckSearchBox" classname="Test.HomePageTest" time="0.149">
    <system-out><![CDATA[Enabled
]]></system-out>
  </testcase>
  <testcase name="CheckGoBtn" classname="Test.HomePageTest" time="0.791">
    <system-out><![CDATA[Enabled
]]></system-out>
  </testcase>
</testsuite>