<?xml version="1.0" encoding="UTF-8"?>
<testng-results ignored="0" total="5" passed="5" failed="0" skipped="0">
  <reporter-output>
  </reporter-output>
  <suite started-at="2024-10-20T00:26:38 IST" name="Suite" finished-at="2024-10-20T00:26:45 IST" duration-ms="6709">
    <groups>
    </groups>
    <test started-at="2024-10-20T00:26:38 IST" name="Test" finished-at="2024-10-20T00:26:45 IST" duration-ms="6709">
      <class name="Test.HomePageTest">
        <test-method is-config="true" signature="setUp(java.lang.String)[pri:0, instance:Test.HomePageTest@446293d]" started-at="2024-10-20T00:26:38 IST" name="setUp" finished-at="2024-10-20T00:26:43 IST" duration-ms="4988" status="PASS">
          <params>
            <param index="0">
              <value>
                <![CDATA[chrome]]>
              </value>
            </param>
          </params>
          <reporter-output>
          </reporter-output>
        </test-method> <!-- setUp -->
        <test-method signature="initElement()[pri:0, instance:Test.HomePageTest@446293d]" started-at="2024-10-20T00:26:43 IST" name="initElement" finished-at="2024-10-20T00:26:43 IST" duration-ms="45" status="PASS">
          <reporter-output>
          </reporter-output>
        </test-method> <!-- initElement -->
        <test-method signature="CheckAppLogo()[pri:0, instance:Test.HomePageTest@446293d]" started-at="2024-10-20T00:26:43 IST" name="CheckAppLogo" finished-at="2024-10-20T00:26:43 IST" depends-on-methods="Test.HomePageTest.initElement" duration-ms="79" status="PASS">
          <reporter-output>
          </reporter-output>
        </test-method> <!-- CheckAppLogo -->
        <test-method signature="CheckLaptopAndNoteBook()[pri:0, instance:Test.HomePageTest@446293d]" started-at="2024-10-20T00:26:43 IST" name="CheckLaptopAndNoteBook" finished-at="2024-10-20T00:26:43 IST" depends-on-methods="Test.HomePageTest.CheckAppLogo" duration-ms="106" status="PASS">
          <reporter-output>
          </reporter-output>
        </test-method> <!-- CheckLaptopAndNoteBook -->
        <test-method signature="CheckSearchBox()[pri:0, instance:Test.HomePageTest@446293d]" started-at="2024-10-20T00:26:43 IST" name="CheckSearchBox" finished-at="2024-10-20T00:26:44 IST" depends-on-methods="Test.HomePageTest.CheckLaptopAndNoteBook" duration-ms="147" status="PASS">
          <reporter-output>
          </reporter-output>
        </test-method> <!-- CheckSearchBox -->
        <test-method signature="CheckGoBtn()[pri:0, instance:Test.HomePageTest@446293d]" started-at="2024-10-20T00:26:44 IST" name="CheckGoBtn" finished-at="2024-10-20T00:26:45 IST" depends-on-methods="Test.HomePageTest.CheckSearchBox" duration-ms="1023" status="PASS">
          <reporter-output>
          </reporter-output>
        </test-method> <!-- CheckGoBtn -->
        <test-method is-config="true" signature="tearDown()[pri:0, instance:Test.HomePageTest@446293d]" started-at="2024-10-20T00:26:45 IST" name="tearDown" finished-at="2024-10-20T00:26:45 IST" duration-ms="241" status="PASS">
          <reporter-output>
          </reporter-output>
        </test-method> <!-- tearDown -->
      </class> <!-- Test.HomePageTest -->
    </test> <!-- Test -->
  </suite> <!-- Suite -->
</testng-results>
